0 verbose cli [ '/usr/bin/node', '/usr/bin/npm', 'install', '-g', 'typescript' ]
1 info using npm@8.5.1
2 info using node@v12.22.9
3 timing npm:load:whichnode Completed in 0ms
4 timing config:load:defaults Completed in 1ms
5 timing config:load:file:/usr/share/nodejs/npm/npmrc Completed in 10ms
6 timing config:load:builtin Completed in 10ms
7 timing config:load:cli Completed in 3ms
8 timing config:load:env Completed in 0ms
9 timing config:load:project Completed in 5ms
10 timing config:load:file:/home/ubuntu/.npmrc Completed in 1ms
11 timing config:load:user Completed in 1ms
12 timing config:load:file:/etc/npmrc Completed in 0ms
13 timing config:load:global Completed in 0ms
14 timing config:load:validate Completed in 0ms
15 timing config:load:credentials Completed in 1ms
16 timing config:load:setEnvs Completed in 1ms
17 timing config:load Completed in 22ms
18 timing npm:load:configload Completed in 23ms
19 timing npm:load:setTitle Completed in 1ms
20 timing config:load:flatten Completed in 2ms
21 timing npm:load:display Completed in 4ms
22 verbose logfile /home/ubuntu/.npm/_logs/2023-09-07T07_56_11_921Z-debug-0.log
23 timing npm:load:logFile Completed in 5ms
24 timing npm:load:timers Completed in 0ms
25 timing npm:load:configScope Completed in 0ms
26 timing npm:load Completed in 34ms
27 timing arborist:ctor Completed in 1ms
28 timing idealTree:init Completed in 8ms
29 timing idealTree:userRequests Completed in 3ms
30 silly idealTree buildDeps
31 silly fetch manifest typescript@*
32 http fetch GET 200 https://registry.npmjs.org/typescript 240ms (cache miss)
33 silly placeDep ROOT typescript@5.2.2 OK for:  want: *
34 timing idealTree:#root Completed in 325ms
35 timing idealTree:node_modules/typescript Completed in 0ms
36 timing idealTree:buildDeps Completed in 327ms
37 timing idealTree:fixDepFlags Completed in 0ms
38 warn EBADENGINE Unsupported engine {
38 warn EBADENGINE   package: 'typescript@5.2.2',
38 warn EBADENGINE   required: { node: '>=14.17' },
38 warn EBADENGINE   current: { node: 'v12.22.9', npm: '8.5.1' }
38 warn EBADENGINE }
39 timing idealTree Completed in 341ms
40 timing reify:loadTrees Completed in 344ms
41 timing reify:diffTrees Completed in 1ms
42 silly reify moves {}
43 timing reify:retireShallow Completed in 0ms
44 timing reify:rollback:createSparse Completed in 0ms
45 timing reify:rollback:retireShallow Completed in 0ms
46 timing command:install Completed in 372ms
47 verbose stack Error: EACCES: permission denied, mkdir '/usr/local/lib/node_modules'
48 verbose cwd /home/ubuntu
49 verbose Linux 5.19.0-1025-aws
50 verbose argv "/usr/bin/node" "/usr/bin/npm" "install" "-g" "typescript"
51 verbose node v12.22.9
52 verbose npm  v8.5.1
53 error code EACCES
54 error syscall mkdir
55 error path /usr/local/lib/node_modules
56 error errno -13
57 error [Error: EACCES: permission denied, mkdir '/usr/local/lib/node_modules'] {
57 error   errno: -13,
57 error   code: 'EACCES',
57 error   syscall: 'mkdir',
57 error   path: '/usr/local/lib/node_modules'
57 error }
58 error
58 error The operation was rejected by your operating system.
58 error It is likely you do not have the permissions to access this file as the current user
58 error
58 error If you believe this might be a permissions issue, please double-check the
58 error permissions of the file and its containing directories, or try running
58 error the command again as root/Administrator.
59 verbose exit -13
60 timing npm Completed in 633ms
61 verbose unfinished npm timer reify 1694073372180
62 verbose unfinished npm timer reify:createSparse 1694073372547
63 verbose code -13
64 error A complete log of this run can be found in:
64 error     /home/ubuntu/.npm/_logs/2023-09-07T07_56_11_921Z-debug-0.log
