0 verbose cli /usr/bin/node /usr/bin/npm
1 info using npm@9.6.7
2 info using node@v18.17.1
3 timing npm:load:whichnode Completed in 1ms
4 timing config:load:defaults Completed in 1ms
5 timing config:load:file:/usr/lib/node_modules/npm/npmrc Completed in 1ms
6 timing config:load:builtin Completed in 1ms
7 timing config:load:cli Completed in 3ms
8 timing config:load:env Completed in 1ms
9 timing config:load:project Completed in 11ms
10 timing config:load:file:/home/ubuntu/.npmrc Completed in 0ms
11 timing config:load:user Completed in 0ms
12 timing config:load:file:/usr/etc/npmrc Completed in 0ms
13 timing config:load:global Completed in 1ms
14 timing config:load:setEnvs Completed in 1ms
15 timing config:load Completed in 20ms
16 timing npm:load:configload Completed in 20ms
17 timing npm:load:mkdirpcache Completed in 0ms
18 timing npm:load:mkdirplogs Completed in 0ms
19 verbose title npm install typescript@latest
20 verbose argv "install" "typescript@latest" "--save-dev"
21 timing npm:load:setTitle Completed in 1ms
22 timing config:load:flatten Completed in 4ms
23 timing npm:load:display Completed in 4ms
24 verbose logfile logs-max:10 dir:/home/ubuntu/.npm/_logs/2023-09-07T13_38_41_053Z-
25 verbose logfile /home/ubuntu/.npm/_logs/2023-09-07T13_38_41_053Z-debug-0.log
26 timing npm:load:logFile Completed in 9ms
27 timing npm:load:timers Completed in 0ms
28 timing npm:load:configScope Completed in 0ms
29 timing npm:load Completed in 36ms
30 timing arborist:ctor Completed in 1ms
31 silly logfile done cleaning log files
32 timing idealTree:init Completed in 62ms
33 timing arborist:ctor Completed in 0ms
34 http fetch GET 200 https://registry.npmjs.org/typescript 156ms (cache revalidated)
35 warn idealTree Removing dependencies.typescript in favor of devDependencies.typescript
36 timing idealTree:userRequests Completed in 241ms
37 silly idealTree buildDeps
38 silly fetch manifest typescript@5.2.2
39 silly placeDep ROOT typescript@5.2.2 REPLACE for:  want: 5.2.2
40 timing idealTree:#root Completed in 6ms
41 timing idealTree:node_modules/typescript Completed in 0ms
42 timing idealTree:buildDeps Completed in 8ms
43 timing idealTree:fixDepFlags Completed in 1ms
44 timing idealTree Completed in 314ms
45 timing reify:loadTrees Completed in 314ms
46 timing reify:diffTrees Completed in 4ms
47 silly reify moves {}
48 timing reify:retireShallow Completed in 1ms
49 timing reify:createSparse Completed in 0ms
50 timing reify:loadBundles Completed in 0ms
51 silly audit bulk request {
51 silly audit   '@types/body-parser': [ '1.19.2' ],
51 silly audit   '@types/connect': [ '3.4.36' ],
51 silly audit   '@types/express': [ '4.17.17' ],
51 silly audit   '@types/express-serve-static-core': [ '4.17.36' ],
51 silly audit   '@types/http-errors': [ '2.0.1' ],
51 silly audit   '@types/mime': [ '1.3.2' ],
51 silly audit   '@types/moment-timezone': [ '0.5.30' ],
51 silly audit   '@types/node': [ '20.5.9' ],
51 silly audit   '@types/qs': [ '6.9.8' ],
51 silly audit   '@types/range-parser': [ '1.2.4' ],
51 silly audit   '@types/send': [ '0.17.1' ],
51 silly audit   '@types/serve-static': [ '1.15.2' ],
51 silly audit   accepts: [ '1.3.8' ],
51 silly audit   'array-flatten': [ '1.1.1' ],
51 silly audit   'body-parser': [ '1.20.2', '1.20.1' ],
51 silly audit   bytes: [ '3.1.2' ],
51 silly audit   'call-bind': [ '1.0.2' ],
51 silly audit   'content-disposition': [ '0.5.4' ],
51 silly audit   'content-type': [ '1.0.5' ],
51 silly audit   cookie: [ '0.5.0' ],
51 silly audit   'cookie-signature': [ '1.0.6' ],
51 silly audit   debug: [ '2.6.9' ],
51 silly audit   depd: [ '2.0.0' ],
51 silly audit   destroy: [ '1.2.0' ],
51 silly audit   'ee-first': [ '1.1.1' ],
51 silly audit   encodeurl: [ '1.0.2' ],
51 silly audit   'escape-html': [ '1.0.3' ],
51 silly audit   etag: [ '1.8.1' ],
51 silly audit   express: [ '4.18.2' ],
51 silly audit   'raw-body': [ '2.5.1', '2.5.2' ],
51 silly audit   finalhandler: [ '1.2.0' ],
51 silly audit   forwarded: [ '0.2.0' ],
51 silly audit   fresh: [ '0.5.2' ],
51 silly audit   'function-bind': [ '1.1.1' ],
51 silly audit   'get-intrinsic': [ '1.2.1' ],
51 silly audit   has: [ '1.0.3' ],
51 silly audit   'has-proto': [ '1.0.1' ],
51 silly audit   'has-symbols': [ '1.0.3' ],
51 silly audit   'http-errors': [ '2.0.0' ],
51 silly audit   'iconv-lite': [ '0.4.24' ],
51 silly audit   inherits: [ '2.0.4' ],
51 silly audit   'ipaddr.js': [ '1.9.1' ],
51 silly audit   'media-typer': [ '0.3.0' ],
51 silly audit   'merge-descriptors': [ '1.0.1' ],
51 silly audit   methods: [ '1.1.2' ],
51 silly audit   mime: [ '1.6.0' ],
51 silly audit   'mime-db': [ '1.52.0' ],
51 silly audit   'mime-types': [ '2.1.35' ],
51 silly audit   moment: [ '2.29.4' ],
51 silly audit   'moment-timezone': [ '0.5.43' ],
51 silly audit   ms: [ '2.0.0', '2.1.3' ],
51 silly audit   negotiator: [ '0.6.3' ],
51 silly audit   'object-inspect': [ '1.12.3' ],
51 silly audit   'on-finished': [ '2.4.1' ],
51 silly audit   parseurl: [ '1.3.3' ],
51 silly audit   'path-to-regexp': [ '0.1.7' ],
51 silly audit   'proxy-addr': [ '2.0.7' ],
51 silly audit   qs: [ '6.11.0' ],
51 silly audit   'range-parser': [ '1.2.1' ],
51 silly audit   'safe-buffer': [ '5.2.1' ],
51 silly audit   'safer-buffer': [ '2.1.2' ],
51 silly audit   send: [ '0.18.0' ],
51 silly audit   'serve-static': [ '1.15.0' ],
51 silly audit   setprototypeof: [ '1.2.0' ],
51 silly audit   'side-channel': [ '1.0.4' ],
51 silly audit   statuses: [ '2.0.1' ],
51 silly audit   toidentifier: [ '1.0.1' ],
51 silly audit   'type-is': [ '1.6.18' ],
51 silly audit   unpipe: [ '1.0.0' ],
51 silly audit   'utils-merge': [ '1.0.1' ],
51 silly audit   vary: [ '1.1.2' ],
51 silly audit   typescript: [ '5.2.2' ]
51 silly audit }
52 timing reify:unpack Completed in 0ms
53 timing reify:unretire Completed in 0ms
54 timing build:queue Completed in 0ms
55 timing build:deps Completed in 0ms
56 timing build Completed in 0ms
57 timing reify:build Completed in 0ms
58 timing reify:trash Completed in 0ms
59 timing command:install Completed in 340ms
60 verbose stack Error: EACCES: permission denied, open '/home/ubuntu/package.json'
61 verbose cwd /home/ubuntu
62 verbose Linux 5.19.0-1025-aws
63 verbose node v18.17.1
64 verbose npm  v9.6.7
65 error code EACCES
66 error syscall open
67 error path /home/ubuntu/package.json
68 error errno -13
69 error [Error: EACCES: permission denied, open '/home/ubuntu/package.json'] {
69 error   errno: -13,
69 error   code: 'EACCES',
69 error   syscall: 'open',
69 error   path: '/home/ubuntu/package.json'
69 error }
70 error
70 error The operation was rejected by your operating system.
70 error It is likely you do not have the permissions to access this file as the current user
70 error
70 error If you believe this might be a permissions issue, please double-check the
70 error permissions of the file and its containing directories, or try running
70 error the command again as root/Administrator.
71 verbose exit -13
72 timing npm Completed in 544ms
73 verbose unfinished npm timer reify 1694093921258
74 verbose unfinished npm timer reify:audit 1694093921582
75 verbose unfinished npm timer auditReport:getReport 1694093921583
76 verbose unfinished npm timer reify:save 1694093921591
77 verbose code -13
78 error A complete log of this run can be found in: /home/ubuntu/.npm/_logs/2023-09-07T13_38_41_053Z-debug-0.log
