0 verbose cli /usr/bin/node /usr/bin/npm
1 info using npm@9.6.7
2 info using node@v18.17.1
3 timing npm:load:whichnode Completed in 1ms
4 timing config:load:defaults Completed in 2ms
5 timing config:load:file:/usr/lib/node_modules/npm/npmrc Completed in 1ms
6 timing config:load:builtin Completed in 1ms
7 timing config:load:cli Completed in 4ms
8 timing config:load:env Completed in 0ms
9 timing config:load:project Completed in 1ms
10 timing config:load:file:/home/ubuntu/.npmrc Completed in 11ms
11 timing config:load:user Completed in 11ms
12 timing config:load:file:/usr/etc/npmrc Completed in 0ms
13 timing config:load:global Completed in 1ms
14 timing config:load:setEnvs Completed in 0ms
15 timing config:load Completed in 20ms
16 timing npm:load:configload Completed in 21ms
17 timing npm:load:mkdirpcache Completed in 0ms
18 timing npm:load:mkdirplogs Completed in 0ms
19 verbose title npm install typescript
20 verbose argv "install" "--global" "typescript"
21 timing npm:load:setTitle Completed in 1ms
22 timing config:load:flatten Completed in 3ms
23 timing npm:load:display Completed in 3ms
24 verbose logfile logs-max:10 dir:/home/ubuntu/.npm/_logs/2023-09-07T09_15_50_042Z-
25 verbose logfile /home/ubuntu/.npm/_logs/2023-09-07T09_15_50_042Z-debug-0.log
26 timing npm:load:logFile Completed in 10ms
27 timing npm:load:timers Completed in 0ms
28 timing npm:load:configScope Completed in 0ms
29 timing npm:load Completed in 36ms
30 timing config:load:flatten Completed in 0ms
31 timing arborist:ctor Completed in 0ms
32 silly logfile done cleaning log files
33 timing idealTree:init Completed in 6ms
34 timing idealTree:userRequests Completed in 4ms
35 silly idealTree buildDeps
36 silly fetch manifest typescript@*
37 http fetch GET 200 https://registry.npmjs.org/typescript 160ms (cache revalidated)
38 silly placeDep ROOT typescript@5.2.2 OK for:  want: *
39 timing idealTree:#root Completed in 237ms
40 timing idealTree:node_modules/typescript Completed in 0ms
41 timing idealTree:buildDeps Completed in 238ms
42 timing idealTree:fixDepFlags Completed in 1ms
43 timing idealTree Completed in 250ms
44 timing reify:loadTrees Completed in 254ms
45 timing reify:diffTrees Completed in 1ms
46 silly reify moves {}
47 timing reify:retireShallow Completed in 2ms
48 timing reify:rollback:createSparse Completed in 0ms
49 timing reify:rollback:retireShallow Completed in 0ms
50 timing command:install Completed in 274ms
51 verbose stack Error: EACCES: permission denied, mkdir '/usr/lib/node_modules/typescript'
52 verbose cwd /home/ubuntu
53 verbose Linux 5.19.0-1025-aws
54 verbose node v18.17.1
55 verbose npm  v9.6.7
56 error code EACCES
57 error syscall mkdir
58 error path /usr/lib/node_modules/typescript
59 error errno -13
60 error [Error: EACCES: permission denied, mkdir '/usr/lib/node_modules/typescript'] {
60 error   errno: -13,
60 error   code: 'EACCES',
60 error   syscall: 'mkdir',
60 error   path: '/usr/lib/node_modules/typescript'
60 error }
61 error
61 error The operation was rejected by your operating system.
61 error It is likely you do not have the permissions to access this file as the current user
61 error
61 error If you believe this might be a permissions issue, please double-check the
61 error permissions of the file and its containing directories, or try running
61 error the command again as root/Administrator.
62 verbose exit -13
63 timing npm Completed in 513ms
64 verbose unfinished npm timer reify 1694078150279
65 verbose unfinished npm timer reify:createSparse 1694078150540
66 verbose code -13
67 error A complete log of this run can be found in: /home/ubuntu/.npm/_logs/2023-09-07T09_15_50_042Z-debug-0.log
