0 verbose cli [
0 verbose cli   '/usr/bin/node',
0 verbose cli   '/usr/bin/npm',
0 verbose cli   'install',
0 verbose cli   'express',
0 verbose cli   'body-parser',
0 verbose cli   'moment-timezone'
0 verbose cli ]
1 info using npm@8.5.1
2 info using node@v12.22.9
3 timing npm:load:whichnode Completed in 0ms
4 timing config:load:defaults Completed in 1ms
5 timing config:load:file:/usr/share/nodejs/npm/npmrc Completed in 2ms
6 timing config:load:builtin Completed in 4ms
7 timing config:load:cli Completed in 2ms
8 timing config:load:env Completed in 1ms
9 timing config:load:project Completed in 1ms
10 timing config:load:file:/home/ubuntu/.npmrc Completed in 0ms
11 timing config:load:user Completed in 1ms
12 timing config:load:file:/etc/npmrc Completed in 0ms
13 timing config:load:global Completed in 0ms
14 timing config:load:validate Completed in 0ms
15 timing config:load:credentials Completed in 1ms
16 timing config:load:setEnvs Completed in 1ms
17 timing config:load Completed in 12ms
18 timing npm:load:configload Completed in 12ms
19 timing npm:load:setTitle Completed in 1ms
20 timing config:load:flatten Completed in 5ms
21 timing npm:load:display Completed in 7ms
22 verbose logfile /home/ubuntu/.npm/_logs/2023-09-07T07_19_35_878Z-debug-0.log
23 timing npm:load:logFile Completed in 5ms
24 timing npm:load:timers Completed in 0ms
25 timing npm:load:configScope Completed in 0ms
26 timing npm:load Completed in 27ms
27 timing arborist:ctor Completed in 1ms
28 timing idealTree:init Completed in 84ms
29 timing idealTree:userRequests Completed in 3ms
30 silly idealTree buildDeps
31 silly fetch manifest express@^4.18.2
32 timing arborist:ctor Completed in 0ms
33 http fetch GET 200 https://registry.npmjs.org/express 181ms (cache miss)
34 silly fetch manifest body-parser@*
35 http fetch GET 200 https://registry.npmjs.org/body-parser 26ms (cache miss)
36 silly fetch manifest moment-timezone@*
37 http fetch GET 200 https://registry.npmjs.org/moment-timezone 32ms (cache miss)
38 silly placeDep ROOT body-parser@1.20.2 REPLACE for:  want: *
39 silly placeDep ROOT express@4.18.2 REPLACE for:  want: ^4.18.2
40 silly placeDep ROOT moment-timezone@0.5.43 OK for:  want: *
41 silly fetch manifest bytes@3.1.2
42 silly fetch manifest iconv-lite@0.4.24
43 silly fetch manifest raw-body@2.5.2
44 silly fetch manifest body-parser@1.20.1
45 silly fetch manifest moment@^2.29.4
46 http fetch GET 200 https://registry.npmjs.org/bytes 35ms (cache miss)
47 http fetch GET 200 https://registry.npmjs.org/raw-body 52ms (cache miss)
48 http fetch GET 200 https://registry.npmjs.org/iconv-lite 55ms (cache miss)
49 http fetch GET 200 https://registry.npmjs.org/moment 52ms (cache miss)
50 timing idealTree:#root Completed in 330ms
51 silly placeDep ROOT bytes@3.1.2 OK for: body-parser@1.20.2 want: 3.1.2
52 silly placeDep ROOT iconv-lite@0.4.24 OK for: body-parser@1.20.2 want: 0.4.24
53 silly placeDep ROOT raw-body@2.5.2 OK for: body-parser@1.20.2 want: 2.5.2
54 silly fetch manifest safer-buffer@>= 2.1.2 < 3
55 http fetch GET 200 https://registry.npmjs.org/safer-buffer 24ms (cache miss)
56 timing idealTree:node_modules/body-parser Completed in 30ms
57 timing idealTree:node_modules/bytes Completed in 0ms
58 silly placeDep node_modules/express body-parser@1.20.1 OK for: express@4.18.2 want: 1.20.1
59 silly fetch manifest raw-body@2.5.1
60 timing idealTree:node_modules/express Completed in 5ms
61 silly placeDep ROOT safer-buffer@2.1.2 OK for: iconv-lite@0.4.24 want: >= 2.1.2 < 3
62 timing idealTree:node_modules/iconv-lite Completed in 1ms
63 silly placeDep ROOT moment@2.29.4 OK for: moment-timezone@0.5.43 want: ^2.29.4
64 timing idealTree:node_modules/moment-timezone Completed in 2ms
65 timing idealTree:node_modules/moment Completed in 0ms
66 timing idealTree:node_modules/raw-body Completed in 0ms
67 timing idealTree:node_modules/safer-buffer Completed in 0ms
68 silly placeDep node_modules/express raw-body@2.5.1 OK for: body-parser@1.20.1 want: 2.5.1
69 timing idealTree:node_modules/express/node_modules/body-parser Completed in 2ms
70 timing idealTree:node_modules/express/node_modules/raw-body Completed in 0ms
71 timing idealTree:buildDeps Completed in 373ms
72 timing idealTree:fixDepFlags Completed in 1ms
73 warn EBADENGINE Unsupported engine {
73 warn EBADENGINE   package: 'typescript@5.2.2',
73 warn EBADENGINE   required: { node: '>=14.17' },
73 warn EBADENGINE   current: { node: 'v12.22.9', npm: '8.5.1' }
73 warn EBADENGINE }
74 timing idealTree Completed in 464ms
75 timing reify:loadTrees Completed in 467ms
76 timing reify:diffTrees Completed in 3ms
77 silly reify mark retired [ '/home/ubuntu/node_modules/body-parser' ]
78 silly reify mark retired [ '/home/ubuntu/node_modules/raw-body' ]
79 silly reify moves {
79 silly reify   '/home/ubuntu/node_modules/body-parser': '/home/ubuntu/node_modules/.body-parser-OyLed1vf',
79 silly reify   '/home/ubuntu/node_modules/raw-body': '/home/ubuntu/node_modules/.raw-body-cP9Exd7j'
79 silly reify }
80 timing reify:retireShallow Completed in 1ms
81 timing reify:createSparse Completed in 1ms
82 timing reify:loadBundles Completed in 0ms
83 silly audit bulk request {
83 silly audit   '@types/body-parser': [ '1.19.2' ],
83 silly audit   '@types/connect': [ '3.4.36' ],
83 silly audit   '@types/express': [ '4.17.17' ],
83 silly audit   '@types/express-serve-static-core': [ '4.17.36' ],
83 silly audit   '@types/http-errors': [ '2.0.1' ],
83 silly audit   '@types/mime': [ '1.3.2' ],
83 silly audit   '@types/node': [ '20.5.9' ],
83 silly audit   '@types/qs': [ '6.9.8' ],
83 silly audit   '@types/range-parser': [ '1.2.4' ],
83 silly audit   '@types/send': [ '0.17.1' ],
83 silly audit   '@types/serve-static': [ '1.15.2' ],
83 silly audit   accepts: [ '1.3.8' ],
83 silly audit   'array-flatten': [ '1.1.1' ],
83 silly audit   'call-bind': [ '1.0.2' ],
83 silly audit   'content-disposition': [ '0.5.4' ],
83 silly audit   'content-type': [ '1.0.5' ],
83 silly audit   cookie: [ '0.5.0' ],
83 silly audit   'cookie-signature': [ '1.0.6' ],
83 silly audit   debug: [ '2.6.9' ],
83 silly audit   depd: [ '2.0.0' ],
83 silly audit   destroy: [ '1.2.0' ],
83 silly audit   'ee-first': [ '1.1.1' ],
83 silly audit   encodeurl: [ '1.0.2' ],
83 silly audit   'escape-html': [ '1.0.3' ],
83 silly audit   etag: [ '1.8.1' ],
83 silly audit   finalhandler: [ '1.2.0' ],
83 silly audit   forwarded: [ '0.2.0' ],
83 silly audit   fresh: [ '0.5.2' ],
83 silly audit   'function-bind': [ '1.1.1' ],
83 silly audit   'get-intrinsic': [ '1.2.1' ],
83 silly audit   has: [ '1.0.3' ],
83 silly audit   'has-proto': [ '1.0.1' ],
83 silly audit   'has-symbols': [ '1.0.3' ],
83 silly audit   'http-errors': [ '2.0.0' ],
83 silly audit   inherits: [ '2.0.4' ],
83 silly audit   'ipaddr.js': [ '1.9.1' ],
83 silly audit   'media-typer': [ '0.3.0' ],
83 silly audit   'merge-descriptors': [ '1.0.1' ],
83 silly audit   methods: [ '1.1.2' ],
83 silly audit   mime: [ '1.6.0' ],
83 silly audit   'mime-db': [ '1.52.0' ],
83 silly audit   'mime-types': [ '2.1.35' ],
83 silly audit   ms: [ '2.0.0', '2.1.3' ],
83 silly audit   negotiator: [ '0.6.3' ],
83 silly audit   'object-inspect': [ '1.12.3' ],
83 silly audit   'on-finished': [ '2.4.1' ],
83 silly audit   parseurl: [ '1.3.3' ],
83 silly audit   'path-to-regexp': [ '0.1.7' ],
83 silly audit   'proxy-addr': [ '2.0.7' ],
83 silly audit   qs: [ '6.11.0' ],
83 silly audit   'range-parser': [ '1.2.1' ],
83 silly audit   'safe-buffer': [ '5.2.1' ],
83 silly audit   send: [ '0.18.0' ],
83 silly audit   'serve-static': [ '1.15.0' ],
83 silly audit   setprototypeof: [ '1.2.0' ],
83 silly audit   'side-channel': [ '1.0.4' ],
83 silly audit   statuses: [ '2.0.1' ],
83 silly audit   toidentifier: [ '1.0.1' ],
83 silly audit   'type-is': [ '1.6.18' ],
83 silly audit   typescript: [ '5.2.2' ],
83 silly audit   unpipe: [ '1.0.0' ],
83 silly audit   'utils-merge': [ '1.0.1' ],
83 silly audit   vary: [ '1.1.2' ],
83 silly audit   'body-parser': [ '1.20.2', '1.20.1' ],
83 silly audit   express: [ '4.18.2' ],
83 silly audit   'moment-timezone': [ '0.5.43' ],
83 silly audit   bytes: [ '3.1.2' ],
83 silly audit   'iconv-lite': [ '0.4.24' ],
83 silly audit   'raw-body': [ '2.5.2', '2.5.1' ],
83 silly audit   'safer-buffer': [ '2.1.2' ],
83 silly audit   moment: [ '2.29.4' ]
83 silly audit }
84 silly tarball no local data for moment@https://registry.npmjs.org/moment/-/moment-2.29.4.tgz. Extracting by manifest.
85 silly tarball no local data for moment-timezone@https://registry.npmjs.org/moment-timezone/-/moment-timezone-0.5.43.tgz. Extracting by manifest.
86 silly tarball no local data for raw-body@https://registry.npmjs.org/raw-body/-/raw-body-2.5.2.tgz. Extracting by manifest.
87 silly tarball no local data for body-parser@https://registry.npmjs.org/body-parser/-/body-parser-1.20.2.tgz. Extracting by manifest.
88 silly tarball no local data for raw-body@https://registry.npmjs.org/raw-body/-/raw-body-2.5.1.tgz. Extracting by manifest.
89 silly tarball no local data for body-parser@https://registry.npmjs.org/body-parser/-/body-parser-1.20.1.tgz. Extracting by manifest.
90 http fetch GET 200 https://registry.npmjs.org/raw-body/-/raw-body-2.5.2.tgz 90ms (cache miss)
91 timing reifyNode:node_modules/raw-body Completed in 136ms
92 http fetch POST 200 https://registry.npmjs.org/-/npm/v1/security/advisories/bulk 211ms
93 timing auditReport:getReport Completed in 213ms
94 silly audit report {}
95 timing auditReport:init Completed in 0ms
96 timing reify:audit Completed in 215ms
97 http fetch GET 200 https://registry.npmjs.org/raw-body/-/raw-body-2.5.1.tgz 156ms (cache miss)
98 timing reifyNode:node_modules/express/node_modules/raw-body Completed in 212ms
99 http fetch GET 200 https://registry.npmjs.org/body-parser/-/body-parser-1.20.1.tgz 157ms (cache miss)
100 timing reifyNode:node_modules/express/node_modules/body-parser Completed in 221ms
101 http fetch GET 200 https://registry.npmjs.org/body-parser/-/body-parser-1.20.2.tgz 184ms (cache miss)
102 timing reifyNode:node_modules/body-parser Completed in 233ms
103 http fetch GET 200 https://registry.npmjs.org/moment-timezone/-/moment-timezone-0.5.43.tgz 265ms (cache miss)
104 timing reifyNode:node_modules/moment-timezone Completed in 299ms
105 http fetch GET 200 https://registry.npmjs.org/moment/-/moment-2.29.4.tgz 483ms (cache miss)
106 timing reifyNode:node_modules/moment Completed in 504ms
107 timing reify:unpack Completed in 504ms
108 timing reify:unretire Completed in 0ms
109 timing build:queue Completed in 1ms
110 timing build:deps Completed in 1ms
111 timing build Completed in 1ms
112 timing reify:build Completed in 2ms
113 timing reify:trash Completed in 5ms
114 timing command:install Completed in 1053ms
115 verbose stack Error: EACCES: permission denied, open '/home/ubuntu/package-lock.json'
116 verbose cwd /home/ubuntu
117 verbose Linux 5.19.0-1025-aws
118 verbose argv "/usr/bin/node" "/usr/bin/npm" "install" "express" "body-parser" "moment-timezone"
119 verbose node v12.22.9
120 verbose npm  v8.5.1
121 error code EACCES
122 error syscall open
123 error path /home/ubuntu/package-lock.json
124 error errno -13
125 error [Error: EACCES: permission denied, open '/home/ubuntu/package-lock.json'] {
125 error   errno: -13,
125 error   code: 'EACCES',
125 error   syscall: 'open',
125 error   path: '/home/ubuntu/package-lock.json'
125 error }
126 error
126 error The operation was rejected by your operating system.
126 error It is likely you do not have the permissions to access this file as the current user
126 error
126 error If you believe this might be a permissions issue, please double-check the
126 error permissions of the file and its containing directories, or try running
126 error the command again as root/Administrator.
127 verbose exit -13
128 timing npm Completed in 1293ms
129 verbose unfinished npm timer reify 1694071176115
130 verbose unfinished npm timer reify:save 1694071177120
131 verbose code -13
132 error A complete log of this run can be found in:
132 error     /home/ubuntu/.npm/_logs/2023-09-07T07_19_35_878Z-debug-0.log
